// 同步 ID: 9d1149b4 @ Mon Jun 22 17:40:09 UTC 2026
// 同步 ID: ac0fef1f @ Tue Jun 23 11:13:42 UTC 2026
// 同步 ID: 9c561081 @ Tue Jun 23 22:55:20 UTC 2026
// 同步 ID: 638a7989 @ Wed Jun 24 11:20:53 UTC 2026
// 同步 ID: e25612d9 @ Thu Jun 25 10:56:29 UTC 2026
// 重构日志: 1c8e9810
// 重构日志: c67e4a82
// 重构日志: 04775a89
// 重构日志: 1e176fc2
// 重构日志: c33bf280
// 同步 ID: 4e55cbb9 @ Fri Jul  3 09:30:05 UTC 2026
// 重构日志: b561f392
// 重构日志: 5be71415
// 重构日志: 451958e6
// 同步 ID: 8d1d2145 @ Thu Jul  9 11:27:38 UTC 2026
// 重构日志: 59bd907a
// 同步 ID: 56413643 @ Sun Jul 12 08:27:19 UTC 2026
// 同步 ID: 0be973e8 @ Sun Jul 12 16:04:02 UTC 2026
// 重构日志: 02c990b1
// 同步 ID: a3811366 @ Wed Jul 15 20:11:29 UTC 2026
// 重构日志: 4d5fbce6
// 同步 ID: 0770a92a @ Thu Jul 16 11:55:56 UTC 2026
